Installation complete.
If you want to use this version, type:

nvm use 24.14.1
Now using node v24.14.1 (64-bit)
Need to install the following packages:
npm-check-updates@20.0.1
Ok to proceed? (y) Error: Cannot read config file: C:\Users\ms\Source\Repos\mynsweepr-angular\.ncurc.js
Error: Cannot find module 'npm-check-updates'
Require stack:
- C:\Users\ms\Source\Repos\mynsweepr-angular\.ncurc.js
    at Module._resolveFilename (node:internal/modules/cjs/loader:1456:15)
    at defaultResolveImpl (node:internal/modules/cjs/loader:1066:19)
    at resolveForCJSWithHooks (node:internal/modules/cjs/loader:1071:22)
    at Module._load (node:internal/modules/cjs/loader:1242:25)
    at wrapModuleLoad (node:internal/modules/cjs/loader:255:19)
    at Module.require (node:internal/modules/cjs/loader:1556:12)
    at require (node:internal/modules/helpers:152:16)
    at Object.<anonymous> (C:\Users\ms\Source\Repos\mynsweepr-angular\.ncurc.js:1:26)
    at Module._compile (node:internal/modules/cjs/loader:1812:14)
    at e.exports (E:\packages\npm\_npx\0a80f0fb114540fe\node_modules\npm-check-updates\build\index.js:683:71579) {
  code: 'MODULE_NOT_FOUND',
  requireStack: [ 'C:\\Users\\ms\\Source\\Repos\\mynsweepr-angular\\.ncurc.js' ]
}
Browserslist database updated successfully.
No high severity vulnerabilities found.
